\BOOKMARK [0][-]{chapter.1}{\376\377\000P\000r\000o\000o\000f}{}% 1
\BOOKMARK [1][-]{section.1.1}{\376\377\000P\000r\000o\000o\000f}{chapter.1}% 2
\BOOKMARK [0][-]{chapter.2}{\376\377\000A\000l\000g\000e\000b\000r\000a\000\040\000\046\000\040\000F\000u\000n\000c\000t\000i\000o\000n\000s}{}% 3
\BOOKMARK [1][-]{section.2.1}{\376\377\000I\000n\000d\000i\000c\000e\000s}{chapter.2}% 4
\BOOKMARK [1][-]{section.2.2}{\376\377\000S\000u\000r\000d\000s}{chapter.2}% 5
\BOOKMARK [1][-]{section.2.3}{\376\377\000Q\000u\000a\000d\000r\000a\000t\000i\000c\000s}{chapter.2}% 6
\BOOKMARK [1][-]{section.2.4}{\376\377\000S\000i\000m\000u\000l\000t\000a\000n\000e\000o\000u\000s\000\040\000E\000q\000u\000a\000t\000i\000o\000n\000s}{chapter.2}% 7
\BOOKMARK [1][-]{section.2.5}{\376\377\000I\000n\000e\000q\000u\000a\000l\000i\000t\000i\000e\000s}{chapter.2}% 8
\BOOKMARK [1][-]{section.2.6}{\376\377\000P\000o\000l\000y\000n\000o\000m\000i\000a\000l\000s\000\040\000\046\000\040\000R\000a\000t\000i\000o\000n\000a\000l\000\040\000E\000x\000p\000r\000e\000s\000s\000i\000o\000n\000s}{chapter.2}% 9
\BOOKMARK [1][-]{section.2.7}{\376\377\000G\000r\000a\000p\000h\000s\000\040\000\046\000\040\000P\000r\000o\000p\000o\000r\000t\000i\000o\000n}{chapter.2}% 10
\BOOKMARK [1][-]{section.2.8}{\376\377\000F\000u\000n\000c\000t\000i\000o\000n\000s}{chapter.2}% 11
\BOOKMARK [1][-]{section.2.9}{\376\377\000G\000r\000a\000p\000h\000\040\000T\000r\000a\000n\000s\000f\000o\000r\000m\000a\000t\000i\000o\000n\000s}{chapter.2}% 12
\BOOKMARK [1][-]{section.2.10}{\376\377\000A\000l\000g\000e\000b\000r\000a\000i\000c\000\040\000F\000r\000a\000c\000t\000i\000o\000n\000s}{chapter.2}% 13
\BOOKMARK [1][-]{section.2.11}{\376\377\000M\000o\000d\000e\000l\000l\000i\000n\000g}{chapter.2}% 14
\BOOKMARK [0][-]{chapter.3}{\376\377\000C\000o\000o\000r\000d\000i\000n\000a\000t\000e\000\040\000G\000e\000o\000m\000e\000t\000r\000y}{}% 15
\BOOKMARK [1][-]{section.3.1}{\376\377\000C\000o\000o\000r\000d\000i\000n\000a\000t\000e\000\040\000G\000e\000o\000m\000e\000t\000r\000y}{chapter.3}% 16
\BOOKMARK [1][-]{section.3.2}{\376\377\000C\000i\000r\000c\000l\000e\000s}{chapter.3}% 17
\BOOKMARK [1][-]{section.3.3}{\376\377\000P\000a\000r\000a\000m\000e\000t\000r\000i\000c\000\040\000E\000q\000u\000a\000t\000i\000o\000n\000s}{chapter.3}% 18
\BOOKMARK [1][-]{section.3.4}{\376\377\000P\000a\000r\000a\000m\000e\000t\000r\000i\000c\000\040\000E\000q\000u\000a\000t\000i\000o\000n\000\040\000M\000o\000d\000e\000l\000l\000i\000n\000g}{chapter.3}% 19
\BOOKMARK [0][-]{chapter.4}{\376\377\000S\000e\000q\000u\000e\000n\000c\000e\000s\000\040\000\046\000\040\000S\000e\000r\000i\000e\000s}{}% 20
\BOOKMARK [1][-]{section.4.1}{\376\377\000B\000i\000n\000o\000m\000i\000a\000l\000\040\000E\000x\000p\000a\000n\000s\000i\000o\000n}{chapter.4}% 21
\BOOKMARK [1][-]{section.4.2}{\376\377\000S\000e\000q\000u\000e\000n\000c\000e\000s}{chapter.4}% 22
\BOOKMARK [1][-]{section.4.3}{\376\377\000S\000i\000g\000m\000a\000\040\000N\000o\000t\000a\000t\000i\000o\000n}{chapter.4}% 23
\BOOKMARK [1][-]{section.4.4}{\376\377\000A\000r\000i\000t\000h\000m\000e\000t\000i\000c\000\040\000S\000e\000q\000u\000e\000n\000c\000e\000s}{chapter.4}% 24
\BOOKMARK [1][-]{section.4.5}{\376\377\000G\000e\000o\000m\000e\000t\000r\000i\000c\000\040\000S\000e\000q\000u\000e\000n\000c\000e\000s}{chapter.4}% 25
\BOOKMARK [1][-]{section.4.6}{\376\377\000M\000o\000d\000e\000l\000l\000i\000n\000g\000\040\000w\000i\000t\000h\000\040\000S\000e\000q\000u\000e\000n\000c\000e\000s}{chapter.4}% 26
\BOOKMARK [0][-]{chapter.5}{\376\377\000T\000r\000i\000g\000o\000n\000o\000m\000e\000t\000r\000y}{}% 27
\BOOKMARK [1][-]{section.5.1}{\376\377\000T\000r\000i\000g\000o\000n\000o\000m\000e\000t\000r\000y}{chapter.5}% 28
\BOOKMARK [1][-]{section.5.2}{\376\377\000S\000m\000a\000l\000l\000\040\000A\000n\000g\000l\000e\000\040\000A\000p\000p\000r\000o\000x\000i\000m\000a\000t\000i\000o\000n}{chapter.5}% 29
\BOOKMARK [1][-]{section.5.3}{\376\377\000T\000r\000i\000g\000\040\000G\000r\000a\000p\000h\000s}{chapter.5}% 30
\BOOKMARK [1][-]{section.5.4}{\376\377\000F\000u\000r\000t\000h\000e\000r\000\040\000T\000r\000i\000g\000o\000n\000o\000m\000e\000t\000r\000y}{chapter.5}% 31
\BOOKMARK [1][-]{section.5.5}{\376\377\000T\000r\000i\000g\000o\000n\000o\000m\000e\000t\000r\000i\000c\000\040\000I\000d\000e\000n\000t\000i\000t\000i\000e\000s}{chapter.5}% 32
\BOOKMARK [1][-]{section.5.6}{\376\377\000C\000o\000m\000p\000o\000u\000n\000d\000\040\000A\000n\000g\000l\000e\000s\000\040\000\046\000\040\000E\000q\000u\000i\000v\000a\000l\000e\000n\000t\000\040\000F\000o\000r\000m\000s}{chapter.5}% 33
\BOOKMARK [1][-]{section.5.7}{\376\377\000T\000r\000i\000g\000\040\000E\000q\000u\000a\000t\000i\000o\000n\000s}{chapter.5}% 34
\BOOKMARK [1][-]{section.5.8}{\376\377\000P\000r\000o\000v\000i\000n\000g\000\040\000T\000r\000i\000g\000o\000n\000o\000m\000e\000t\000r\000i\000c\000\040\000I\000d\000e\000n\000t\000i\000t\000i\000e\000s}{chapter.5}% 35
\BOOKMARK [1][-]{section.5.9}{\376\377\000T\000r\000i\000g\000o\000n\000o\000m\000e\000t\000r\000y\000\040\000i\000n\000\040\000C\000o\000n\000t\000e\000x\000t}{chapter.5}% 36
\BOOKMARK [0][-]{chapter.6}{\376\377\000E\000x\000p\000o\000n\000e\000n\000t\000i\000a\000l\000s\000\040\000\046\000\040\000L\000o\000g\000a\000r\000i\000t\000h\000m\000s}{}% 37
\BOOKMARK [1][-]{section.6.1}{\376\377\000E\000x\000p\000o\000n\000e\000n\000t\000i\000a\000l\000s}{chapter.6}% 38
\BOOKMARK [1][-]{section.6.2}{\376\377\000E\000x\000p\000o\000n\000e\000n\000t\000i\000a\000l\000\040\000M\000o\000d\000e\000l\000s}{chapter.6}% 39
\BOOKMARK [1][-]{section.6.3}{\376\377\000L\000o\000g\000a\000r\000i\000t\000h\000m\000s}{chapter.6}% 40
\BOOKMARK [1][-]{section.6.4}{\376\377\000L\000a\000w\000s\000\040\000o\000f\000\040\000L\000o\000g\000a\000r\000i\000t\000h\000m\000s}{chapter.6}% 41
\BOOKMARK [1][-]{section.6.5}{\376\377\000E\000x\000p\000o\000n\000e\000n\000t\000i\000a\000l\000\040\000\046\000\040\000L\000o\000g\000a\000r\000i\000t\000h\000m\000i\000c\000\040\000E\000q\000u\000a\000t\000i\000o\000n\000s}{chapter.6}% 42
\BOOKMARK [1][-]{section.6.6}{\376\377\000R\000e\000d\000u\000c\000t\000i\000o\000n\000\040\000t\000o\000\040\000L\000i\000n\000e\000a\000r\000\040\000F\000o\000r\000m}{chapter.6}% 43
\BOOKMARK [1][-]{section.6.7}{\376\377\000E\000x\000p\000o\000n\000e\000n\000t\000i\000a\000l\000\040\000G\000r\000o\000w\000t\000h\000\040\000\046\000\040\000D\000e\000c\000a\000y}{chapter.6}% 44
\BOOKMARK [0][-]{chapter.7}{\376\377\000D\000i\000f\000f\000e\000r\000e\000n\000t\000i\000a\000t\000i\000o\000n}{}% 45
\BOOKMARK [1][-]{section.7.1}{\376\377\000D\000i\000f\000f\000e\000r\000e\000n\000t\000i\000a\000t\000i\000o\000n\000\040\000f\000r\000o\000m\000\040\000F\000i\000r\000s\000t\000\040\000P\000r\000i\000n\000c\000i\000p\000l\000e\000s}{chapter.7}% 46
\BOOKMARK [1][-]{section.7.2}{\376\377\000D\000i\000f\000f\000e\000r\000e\000n\000t\000i\000a\000t\000i\000o\000n}{chapter.7}% 47
\BOOKMARK [1][-]{section.7.3}{\376\377\000G\000r\000a\000d\000i\000e\000n\000t\000s}{chapter.7}% 48
\BOOKMARK [1][-]{section.7.4}{\376\377\000F\000u\000r\000t\000h\000e\000r\000\040\000D\000i\000f\000f\000e\000r\000e\000n\000t\000i\000a\000t\000i\000o\000n}{chapter.7}% 49
\BOOKMARK [1][-]{section.7.5}{\376\377\000I\000m\000p\000l\000i\000c\000i\000t\000\040\000D\000i\000f\000f\000e\000r\000e\000n\000t\000i\000a\000t\000i\000o\000n\000\040\000\046\000\040\000P\000a\000r\000a\000m\000e\000t\000r\000i\000c\000\040\000D\000i\000f\000f\000e\000r\000e\000n\000t\000i\000a\000t\000i\000o\000n}{chapter.7}% 50
\BOOKMARK [1][-]{section.7.6}{\376\377\000F\000o\000r\000m\000i\000n\000g\000\040\000D\000i\000f\000f\000e\000r\000e\000n\000t\000i\000a\000l\000\040\000E\000q\000u\000a\000t\000i\000o\000n\000s}{chapter.7}% 51
\BOOKMARK [0][-]{chapter.8}{\376\377\000I\000n\000t\000e\000g\000r\000a\000t\000i\000o\000n}{}% 52
\BOOKMARK [1][-]{section.8.1}{\376\377\000F\000u\000n\000d\000a\000m\000e\000n\000t\000a\000l\000\040\000T\000h\000e\000o\000r\000e\000m\000\040\000o\000f\000\040\000C\000a\000l\000c\000u\000l\000u\000s}{chapter.8}% 53
\BOOKMARK [1][-]{section.8.2}{\376\377\000I\000n\000d\000e\000f\000i\000n\000i\000t\000e\000\040\000I\000n\000t\000e\000g\000r\000a\000l\000s}{chapter.8}% 54
\BOOKMARK [1][-]{section.8.3}{\376\377\000D\000e\000f\000i\000n\000i\000t\000e\000\040\000I\000n\000t\000e\000g\000r\000a\000l\000s\000\040\000\046\000\040\000P\000a\000r\000a\000m\000e\000t\000r\000i\000c\000\040\000I\000n\000t\000e\000g\000r\000a\000t\000i\000o\000n}{chapter.8}% 55
\BOOKMARK [1][-]{section.8.4}{\376\377\000I\000n\000t\000e\000g\000r\000a\000t\000i\000o\000n\000\040\000a\000s\000\040\000t\000h\000e\000\040\000L\000i\000m\000i\000t\000\040\000o\000f\000\040\000a\000\040\000S\000u\000m}{chapter.8}% 56
\BOOKMARK [1][-]{section.8.5}{\376\377\000F\000u\000r\000t\000h\000e\000r\000\040\000I\000n\000t\000e\000g\000r\000a\000t\000i\000o\000n}{chapter.8}% 57
\BOOKMARK [1][-]{section.8.6}{\376\377\000I\000n\000t\000e\000g\000r\000a\000t\000i\000o\000n\000\040\000w\000i\000t\000h\000\040\000P\000a\000r\000t\000i\000a\000l\000\040\000F\000r\000a\000c\000t\000i\000o\000n\000s}{chapter.8}% 58
\BOOKMARK [1][-]{section.8.7}{\376\377\000D\000i\000f\000f\000e\000r\000e\000n\000t\000i\000a\000l\000\040\000E\000q\000u\000a\000t\000i\000o\000n\000s}{chapter.8}% 59
\BOOKMARK [1][-]{section.8.8}{\376\377\000D\000i\000f\000f\000e\000r\000e\000n\000t\000i\000a\000l\000\040\000E\000q\000u\000a\000t\000i\000o\000n\000s\000\040\000i\000n\000\040\000C\000o\000n\000t\000e\000x\000t}{chapter.8}% 60
\BOOKMARK [0][-]{chapter.9}{\376\377\000N\000u\000m\000e\000r\000i\000c\000a\000l\000\040\000M\000e\000t\000h\000o\000d\000s}{}% 61
\BOOKMARK [1][-]{section.9.1}{\376\377\000T\000h\000e\000\040\000C\000h\000a\000n\000g\000e\000\040\000o\000f\000\040\000S\000i\000g\000n\000\040\000M\000e\000t\000h\000o\000d}{chapter.9}% 62
\BOOKMARK [1][-]{section.9.2}{\376\377\000T\000h\000e\000\040\000x\000=\000g\000\050\000x\000\051\000\040\000M\000e\000t\000h\000o\000d\000\040\000\046\000\040\000T\000h\000e\000\040\000N\000e\000w\000t\000o\000n\000-\000R\000a\000p\000h\000s\000o\000n\000\040\000M\000e\000t\000h\000o\000d}{chapter.9}% 63
\BOOKMARK [1][-]{section.9.3}{\376\377\000N\000u\000m\000e\000r\000i\000c\000a\000l\000\040\000I\000n\000t\000e\000g\000r\000a\000t\000i\000o\000n}{chapter.9}% 64
\BOOKMARK [1][-]{section.9.4}{\376\377\000N\000u\000m\000e\000r\000i\000c\000a\000l\000\040\000M\000e\000t\000h\000o\000d\000s\000\040\000i\000n\000\040\000C\000o\000n\000t\000e\000x\000t}{chapter.9}% 65
\BOOKMARK [0][-]{chapter.10}{\376\377\000V\000e\000c\000t\000o\000r\000s}{}% 66
\BOOKMARK [1][-]{section.10.1}{\376\377\000I\000n\000t\000r\000o\000d\000u\000c\000i\000n\000g\000\040\000V\000e\000c\000t\000o\000r\000s}{chapter.10}% 67
\BOOKMARK [1][-]{section.10.2}{\376\377\000M\000a\000g\000n\000i\000t\000u\000d\000e\000\040\000\046\000\040\000D\000i\000r\000e\000c\000t\000i\000o\000n\000\040\000o\000f\000\040\000a\000\040\000V\000e\000c\000t\000o\000r}{chapter.10}% 68
\BOOKMARK [1][-]{section.10.3}{\376\377\000R\000e\000s\000u\000l\000t\000a\000n\000t\000\040\000\046\000\040\000P\000a\000r\000a\000l\000l\000e\000l\000\040\000V\000e\000c\000t\000o\000r\000s}{chapter.10}% 69
\BOOKMARK [1][-]{section.10.4}{\376\377\000P\000o\000s\000i\000t\000i\000o\000n\000\040\000V\000e\000c\000t\000o\000r\000s}{chapter.10}% 70
\BOOKMARK [1][-]{section.10.5}{\376\377\000V\000e\000c\000t\000o\000r\000\040\000P\000r\000o\000b\000l\000e\000m\000s}{chapter.10}% 71
\BOOKMARK [0][-]{chapter.11}{\376\377\000S\000t\000a\000t\000i\000s\000t\000i\000c\000a\000l\000\040\000S\000a\000m\000p\000l\000i\000n\000g}{}% 72
\BOOKMARK [1][-]{section.11.1}{\376\377\000T\000h\000e\000\040\000L\000a\000r\000g\000e\000\040\000D\000a\000t\000a\000\040\000S\000e\000t\000\040\000\046\000\040\000S\000a\000m\000p\000l\000i\000n\000g\000\040\000M\000e\000t\000h\000o\000d\000s}{chapter.11}% 73
\BOOKMARK [0][-]{chapter.12}{\376\377\000D\000a\000t\000a\000\040\000P\000r\000e\000s\000e\000n\000t\000a\000t\000i\000o\000n\000\040\000\046\000\040\000I\000n\000t\000e\000r\000p\000r\000e\000t\000a\000t\000i\000o\000n}{}% 74
\BOOKMARK [1][-]{section.12.1}{\376\377\000B\000o\000x\000\040\000P\000l\000o\000t\000s\000,\000\040\000C\000u\000m\000u\000l\000a\000t\000i\000v\000e\000\040\000F\000r\000e\000q\000u\000e\000n\000c\000y\000,\000\040\000\046\000\040\000H\000i\000s\000t\000o\000g\000r\000a\000m\000s}{chapter.12}% 75
\BOOKMARK [1][-]{section.12.2}{\376\377\000S\000c\000a\000t\000t\000e\000r\000\040\000G\000r\000a\000p\000h\000s}{chapter.12}% 76
\BOOKMARK [1][-]{section.12.3}{\376\377\000C\000e\000n\000t\000r\000a\000l\000\040\000T\000e\000n\000d\000e\000n\000c\000y\000\040\000\046\000\040\000V\000a\000r\000i\000a\000t\000i\000o\000n}{chapter.12}% 77
\BOOKMARK [1][-]{section.12.4}{\376\377\000O\000u\000t\000l\000i\000e\000r\000s\000\040\000\046\000\040\000C\000l\000e\000a\000n\000i\000n\000g\000\040\000D\000a\000t\000a}{chapter.12}% 78
\BOOKMARK [0][-]{chapter.13}{\376\377\000P\000r\000o\000b\000a\000b\000i\000l\000i\000t\000y}{}% 79
\BOOKMARK [1][-]{section.13.1}{\376\377\000V\000e\000n\000n\000\040\000D\000i\000a\000g\000r\000a\000m\000s\000,\000\040\000T\000r\000e\000e\000\040\000D\000i\000a\000g\000r\000a\000m\000s\000,\000\040\000\046\000\040\000T\000w\000o\000-\000W\000a\000y\000\040\000T\000a\000b\000l\000e\000s}{chapter.13}% 80
\BOOKMARK [1][-]{section.13.2}{\376\377\000C\000o\000n\000d\000i\000t\000i\000o\000n\000a\000l\000\040\000P\000r\000o\000b\000a\000b\000i\000l\000i\000t\000y}{chapter.13}% 81
\BOOKMARK [1][-]{section.13.3}{\376\377\000M\000o\000d\000e\000l\000l\000i\000n\000g\000\040\000w\000i\000t\000h\000\040\000P\000r\000o\000b\000a\000b\000i\000l\000i\000t\000y}{chapter.13}% 82
\BOOKMARK [0][-]{chapter.14}{\376\377\000S\000t\000a\000t\000i\000s\000t\000i\000c\000a\000l\000\040\000D\000i\000s\000t\000r\000i\000b\000u\000t\000i\000o\000n\000s}{}% 83
\BOOKMARK [1][-]{section.14.1}{\376\377\000D\000i\000s\000c\000r\000e\000t\000e\000\040\000R\000a\000n\000d\000o\000m\000\040\000V\000a\000r\000i\000a\000b\000l\000e\000s\000\040\000\046\000\040\000T\000h\000e\000\040\000B\000i\000n\000o\000m\000i\000a\000l\000\040\000D\000i\000s\000t\000r\000i\000b\000u\000t\000i\000o\000n}{chapter.14}% 84
\BOOKMARK [1][-]{section.14.2}{\376\377\000T\000h\000e\000\040\000N\000o\000r\000m\000a\000l\000\040\000D\000i\000s\000t\000r\000i\000b\000u\000t\000i\000o\000n}{chapter.14}% 85
\BOOKMARK [1][-]{section.14.3}{\376\377\000A\000p\000p\000r\000o\000p\000r\000i\000a\000t\000e\000\040\000D\000i\000s\000t\000r\000i\000b\000u\000t\000i\000o\000n\000s}{chapter.14}% 86
\BOOKMARK [0][-]{chapter.15}{\376\377\000H\000y\000p\000o\000t\000h\000e\000s\000i\000s\000\040\000T\000e\000s\000t\000i\000n\000g}{}% 87
\BOOKMARK [1][-]{section.15.1}{\376\377\000I\000n\000t\000r\000o\000d\000u\000c\000i\000n\000g\000\040\000H\000y\000p\000o\000t\000h\000e\000s\000i\000s\000\040\000T\000e\000s\000t\000i\000n\000g}{chapter.15}% 88
\BOOKMARK [1][-]{section.15.2}{\376\377\000B\000i\000n\000o\000m\000i\000a\000l\000\040\000H\000y\000p\000o\000t\000h\000e\000s\000i\000s\000\040\000T\000e\000s\000t\000i\000n\000g}{chapter.15}% 89
\BOOKMARK [1][-]{section.15.3}{\376\377\000S\000a\000m\000p\000l\000e\000\040\000M\000e\000a\000n\000s\000\040\000H\000y\000p\000o\000t\000h\000e\000s\000i\000s\000\040\000T\000e\000s\000t\000i\000n\000g}{chapter.15}% 90
\BOOKMARK [0][-]{chapter.16}{\376\377\000Q\000u\000a\000n\000t\000i\000t\000i\000e\000s\000\040\000\046\000\040\000U\000n\000i\000t\000s\000\040\000i\000n\000\040\000M\000e\000c\000h\000a\000n\000i\000c\000s}{}% 91
\BOOKMARK [1][-]{section.16.1}{\376\377\000Q\000u\000a\000n\000t\000i\000t\000i\000e\000s\000\040\000\046\000\040\000U\000n\000i\000t\000s\000\040\000i\000n\000\040\000M\000e\000c\000h\000a\000n\000i\000c\000s}{chapter.16}% 92
\BOOKMARK [0][-]{chapter.17}{\376\377\000K\000i\000n\000e\000m\000a\000t\000i\000c\000s}{}% 93
\BOOKMARK [1][-]{section.17.1}{\376\377\000D\000i\000s\000p\000l\000a\000c\000e\000m\000e\000n\000t\000,\000\040\000V\000e\000l\000o\000c\000i\000t\000y\000,\000\040\000\046\000\040\000A\000c\000c\000e\000l\000e\000r\000a\000t\000i\000o\000n}{chapter.17}% 94
\BOOKMARK [1][-]{section.17.2}{\376\377\000G\000r\000a\000p\000h\000s\000\040\000o\000f\000\040\000M\000o\000t\000i\000o\000n}{chapter.17}% 95
\BOOKMARK [1][-]{section.17.3}{\376\377\000S\000U\000V\000A\000T}{chapter.17}% 96
\BOOKMARK [1][-]{section.17.4}{\376\377\000C\000a\000l\000c\000u\000l\000u\000s\000\040\000i\000n\000\040\000K\000i\000n\000e\000m\000a\000t\000i\000c\000s}{chapter.17}% 97
\BOOKMARK [1][-]{section.17.5}{\376\377\000P\000r\000o\000j\000e\000c\000t\000i\000l\000e\000s}{chapter.17}% 98
\BOOKMARK [0][-]{chapter.18}{\376\377\000F\000o\000r\000c\000e\000s\000\040\000\046\000\040\000N\000e\000w\000t\000o\000n\000'\000s\000\040\000L\000a\000w\000s}{}% 99
\BOOKMARK [1][-]{section.18.1}{\376\377\000I\000n\000t\000r\000o\000d\000u\000c\000i\000n\000g\000\040\000F\000o\000r\000c\000e\000s\000\040\000\046\000\040\000N\000e\000w\000t\000o\000n\000'\000s\000\040\000F\000i\000r\000s\000t\000\040\000L\000a\000w}{chapter.18}% 100
\BOOKMARK [1][-]{section.18.2}{\376\377\000N\000e\000w\000t\000o\000n\000'\000s\000\040\000S\000e\000c\000o\000n\000d\000\040\000L\000a\000w}{chapter.18}% 101
\BOOKMARK [1][-]{section.18.3}{\376\377\000W\000e\000i\000g\000h\000t\000\040\000\046\000\040\000T\000e\000n\000s\000i\000o\000n}{chapter.18}% 102
\BOOKMARK [1][-]{section.18.4}{\376\377\000N\000e\000w\000t\000o\000n\000'\000s\000\040\000T\000h\000i\000r\000d\000\040\000L\000a\000w\000\040\000a\000n\000d\000\040\000P\000u\000l\000l\000e\000y\000s}{chapter.18}% 103
\BOOKMARK [1][-]{section.18.5}{\376\377\000F\000=\000m\000a\000\040\000\046\000\040\000D\000i\000f\000f\000e\000r\000e\000n\000t\000i\000a\000l\000\040\000E\000q\000u\000a\000t\000i\000o\000n\000s}{chapter.18}% 104
\BOOKMARK [1][-]{section.18.6}{\376\377\000T\000h\000e\000\040\000C\000o\000e\000f\000f\000i\000c\000i\000e\000n\000t\000\040\000o\000f\000\040\000F\000r\000i\000c\000t\000i\000o\000n}{chapter.18}% 105
\BOOKMARK [0][-]{chapter.19}{\376\377\000M\000o\000m\000e\000n\000t\000s}{}% 106
\BOOKMARK [1][-]{section.19.1}{\376\377\000M\000o\000m\000e\000n\000t\000s}{chapter.19}% 107
\BOOKMARK [0][-]{chapter.20}{\376\377\000P\000r\000o\000o\000f}{}% 108
\BOOKMARK [1][-]{section.20.1}{\376\377\000P\000r\000o\000o\000f\000\040\000b\000y\000\040\000I\000n\000d\000u\000c\000t\000i\000o\000n}{chapter.20}% 109
\BOOKMARK [0][-]{chapter.21}{\376\377\000C\000o\000m\000p\000l\000e\000x\000\040\000N\000u\000m\000b\000e\000r\000s}{}% 110
\BOOKMARK [1][-]{section.21.1}{\376\377\000I\000n\000t\000r\000o\000d\000u\000c\000i\000n\000g\000\040\000C\000o\000m\000p\000l\000e\000x\000\040\000N\000u\000m\000b\000e\000r\000s}{chapter.21}% 111
\BOOKMARK [1][-]{section.21.2}{\376\377\000W\000o\000r\000k\000i\000n\000g\000\040\000w\000i\000t\000h\000\040\000C\000o\000m\000p\000l\000e\000x\000\040\000N\000u\000m\000b\000e\000r\000s}{chapter.21}% 112
\BOOKMARK [1][-]{section.21.3}{\376\377\000C\000o\000m\000p\000l\000e\000x\000\040\000C\000o\000n\000j\000u\000g\000a\000t\000e\000s}{chapter.21}% 113
\BOOKMARK [1][-]{section.21.4}{\376\377\000I\000n\000t\000r\000o\000d\000u\000c\000i\000n\000g\000\040\000t\000h\000e\000\040\000A\000r\000g\000a\000n\000d\000\040\000D\000i\000a\000g\000r\000a\000m}{chapter.21}% 114
\BOOKMARK [1][-]{section.21.5}{\376\377\000I\000n\000t\000r\000o\000d\000u\000c\000i\000n\000g\000\040\000M\000o\000d\000u\000l\000u\000s\000-\000A\000r\000g\000u\000m\000e\000n\000t\000\040\000F\000o\000r\000m}{chapter.21}% 115
\BOOKMARK [1][-]{section.21.6}{\376\377\000M\000u\000l\000t\000i\000p\000l\000y\000\040\000a\000n\000d\000\040\000D\000i\000v\000i\000d\000e\000\040\000i\000n\000\040\000M\000o\000d\000u\000l\000u\000s\000-\000A\000r\000g\000u\000m\000e\000n\000t\000\040\000F\000o\000r\000m}{chapter.21}% 116
\BOOKMARK [1][-]{section.21.7}{\376\377\000L\000o\000c\000i\000\040\000w\000i\000t\000h\000\040\000A\000r\000g\000a\000n\000d\000\040\000D\000i\000a\000g\000r\000a\000m\000s}{chapter.21}% 117
\BOOKMARK [1][-]{section.21.8}{\376\377\000D\000e\000\040\000M\000o\000i\000v\000r\000e\000'\000s\000\040\000T\000h\000e\000o\000r\000e\000m}{chapter.21}% 118
\BOOKMARK [1][-]{section.21.9}{\376\377\000z\000=\000r\000e\000\040\000t\000o\000\040\000t\000h\000e\000\040\000p\000o\000w\000e\000r\000\040\000o\000f\000\040\000\050\000i\000*\000t\000h\000e\000t\000a\000\051}{chapter.21}% 119
\BOOKMARK [1][-]{section.21.10}{\376\377\000n\000t\000h\000\040\000R\000o\000o\000t\000s\000\040\000o\000f\000\040\000U\000n\000i\000t\000y}{chapter.21}% 120
\BOOKMARK [1][-]{section.21.11}{\376\377\000G\000e\000o\000m\000e\000t\000r\000i\000c\000a\000l\000\040\000P\000r\000o\000b\000l\000e\000m\000s}{chapter.21}% 121
\BOOKMARK [0][-]{chapter.22}{\376\377\000M\000a\000t\000r\000i\000c\000e\000s}{}% 122
\BOOKMARK [1][-]{section.22.1}{\376\377\000I\000n\000t\000r\000o\000d\000u\000c\000i\000n\000g\000\040\000M\000a\000t\000r\000i\000c\000e\000s}{chapter.22}% 123
\BOOKMARK [1][-]{section.22.2}{\376\377\000T\000h\000e\000\040\000Z\000e\000r\000o\000\040\000\046\000\040\000I\000d\000e\000n\000t\000i\000t\000y\000\040\000M\000a\000t\000r\000i\000c\000e\000s}{chapter.22}% 124
\BOOKMARK [1][-]{section.22.3}{\376\377\000M\000a\000t\000r\000i\000x\000\040\000T\000r\000a\000n\000s\000f\000o\000r\000m\000a\000t\000i\000o\000n\000s}{chapter.22}% 125
\BOOKMARK [1][-]{section.22.4}{\376\377\000I\000n\000v\000a\000r\000i\000a\000n\000c\000e}{chapter.22}% 126
\BOOKMARK [1][-]{section.22.5}{\376\377\000D\000e\000t\000e\000r\000m\000i\000n\000a\000n\000t\000s}{chapter.22}% 127
\BOOKMARK [1][-]{section.22.6}{\376\377\000I\000n\000v\000e\000r\000s\000e\000\040\000M\000a\000t\000r\000i\000c\000e\000s}{chapter.22}% 128
\BOOKMARK [1][-]{section.22.7}{\376\377\000S\000i\000m\000u\000l\000t\000a\000n\000e\000o\000u\000s\000\040\000E\000q\000u\000a\000t\000i\000o\000n\000s}{chapter.22}% 129
\BOOKMARK [1][-]{section.22.8}{\376\377\000G\000e\000o\000m\000e\000t\000r\000i\000c\000a\000l\000\040\000I\000n\000t\000e\000r\000p\000r\000e\000t\000a\000t\000i\000o\000n}{chapter.22}% 130
\BOOKMARK [1][-]{section.22.9}{\376\377\000F\000a\000c\000t\000o\000r\000i\000s\000i\000n\000g\000\040\000D\000e\000t\000e\000r\000m\000i\000n\000a\000n\000t\000s}{chapter.22}% 131
\BOOKMARK [1][-]{section.22.10}{\376\377\000E\000i\000g\000e\000n\000v\000a\000l\000u\000e\000s\000\040\000a\000n\000d\000\040\000E\000i\000g\000e\000n\000v\000e\000c\000t\000o\000r\000s}{chapter.22}% 132
\BOOKMARK [1][-]{section.22.11}{\376\377\000D\000i\000a\000g\000o\000n\000a\000l\000i\000s\000a\000t\000i\000o\000n}{chapter.22}% 133
\BOOKMARK [1][-]{section.22.12}{\376\377\000C\000a\000y\000l\000e\000y\000-\000H\000a\000m\000i\000l\000t\000o\000n\000\040\000T\000h\000e\000o\000r\000e\000m}{chapter.22}% 134
\BOOKMARK [0][-]{chapter.23}{\376\377\000F\000u\000r\000t\000h\000e\000r\000\040\000A\000l\000g\000e\000b\000r\000a\000\040\000\046\000\040\000F\000u\000n\000c\000t\000i\000o\000n\000s}{}% 135
\BOOKMARK [1][-]{section.23.1}{\376\377\000R\000o\000o\000t\000s\000\040\000o\000f\000\040\000P\000o\000l\000y\000n\000o\000m\000i\000a\000l\000s}{chapter.23}% 136
\BOOKMARK [1][-]{section.23.2}{\376\377\000F\000o\000r\000m\000i\000n\000g\000\040\000N\000e\000w\000\040\000E\000q\000u\000a\000t\000i\000o\000n\000s}{chapter.23}% 137
\BOOKMARK [1][-]{section.23.3}{\376\377\000S\000u\000m\000m\000a\000t\000i\000o\000n\000s}{chapter.23}% 138
\BOOKMARK [1][-]{section.23.4}{\376\377\000M\000e\000t\000h\000o\000d\000\040\000o\000f\000\040\000D\000i\000f\000f\000e\000r\000e\000n\000c\000e\000s}{chapter.23}% 139
\BOOKMARK [1][-]{section.23.5}{\376\377\000I\000n\000t\000r\000o\000d\000u\000c\000i\000n\000g\000\040\000M\000a\000c\000l\000a\000u\000r\000i\000n\000\040\000S\000e\000r\000i\000e\000s}{chapter.23}% 140
\BOOKMARK [1][-]{section.23.6}{\376\377\000S\000t\000a\000n\000d\000a\000r\000d\000\040\000M\000a\000c\000l\000a\000u\000r\000i\000n\000\040\000S\000e\000r\000i\000e\000s}{chapter.23}% 141
\BOOKMARK [1][-]{section.23.7}{\376\377\000L\000i\000m\000i\000t\000s\000\040\000a\000n\000d\000\040\000l\000'\000H\000o\000s\000p\000i\000t\000a\000l\000'\000s\000\040\000R\000u\000l\000e}{chapter.23}% 142
\BOOKMARK [1][-]{section.23.8}{\376\377\000P\000o\000l\000y\000n\000o\000m\000i\000a\000l\000\040\000I\000n\000e\000q\000u\000a\000l\000i\000t\000i\000e\000s}{chapter.23}% 143
\BOOKMARK [1][-]{section.23.9}{\376\377\000R\000a\000t\000i\000o\000n\000a\000l\000\040\000F\000u\000n\000c\000t\000i\000o\000n\000\040\000I\000n\000e\000q\000u\000a\000l\000i\000t\000i\000e\000s}{chapter.23}% 144
\BOOKMARK [1][-]{section.23.10}{\376\377\000M\000o\000d\000u\000l\000u\000s\000\040\000o\000f\000\040\000F\000u\000n\000c\000t\000i\000o\000n\000s}{chapter.23}% 145
\BOOKMARK [1][-]{section.23.11}{\376\377\000R\000e\000c\000i\000p\000r\000o\000c\000a\000l\000\040\000G\000r\000a\000p\000h\000s}{chapter.23}% 146
\BOOKMARK [1][-]{section.23.12}{\376\377\000L\000i\000n\000e\000a\000r\000\040\000R\000a\000t\000i\000o\000n\000a\000l\000\040\000G\000r\000a\000p\000h\000s}{chapter.23}% 147
\BOOKMARK [1][-]{section.23.13}{\376\377\000Q\000u\000a\000d\000r\000a\000t\000i\000c\000\040\000R\000a\000t\000i\000o\000n\000a\000l\000\040\000F\000u\000n\000c\000t\000i\000o\000n\000s}{chapter.23}% 148
\BOOKMARK [1][-]{section.23.14}{\376\377\000D\000i\000s\000c\000r\000i\000m\000i\000n\000a\000n\000t\000s}{chapter.23}% 149
\BOOKMARK [1][-]{section.23.15}{\376\377\000C\000o\000n\000i\000c\000\040\000S\000e\000c\000t\000i\000o\000n\000s}{chapter.23}% 150
\BOOKMARK [1][-]{section.23.16}{\376\377\000T\000r\000a\000n\000s\000f\000o\000r\000m\000a\000t\000i\000o\000n\000s}{chapter.23}% 151
\BOOKMARK [0][-]{chapter.24}{\376\377\000F\000u\000r\000t\000h\000e\000r\000\040\000C\000a\000l\000c\000u\000l\000u\000s}{}% 152
\BOOKMARK [1][-]{section.24.1}{\376\377\000I\000m\000p\000r\000o\000p\000e\000r\000\040\000I\000n\000t\000e\000g\000r\000a\000l\000s}{chapter.24}% 153
\BOOKMARK [1][-]{section.24.2}{\376\377\000V\000o\000l\000u\000m\000e\000s\000\040\000o\000f\000\040\000R\000e\000v\000o\000l\000u\000t\000i\000o\000n}{chapter.24}% 154
\BOOKMARK [1][-]{section.24.3}{\376\377\000M\000e\000a\000n\000\040\000V\000a\000l\000u\000e}{chapter.24}% 155
\BOOKMARK [1][-]{section.24.4}{\376\377\000P\000a\000r\000t\000i\000a\000l\000\040\000F\000r\000a\000c\000t\000i\000o\000n\000s}{chapter.24}% 156
\BOOKMARK [1][-]{section.24.5}{\376\377\000D\000i\000f\000f\000e\000r\000e\000n\000t\000i\000a\000t\000i\000n\000g\000\040\000I\000n\000v\000e\000r\000s\000e\000\040\000T\000r\000i\000g}{chapter.24}% 157
\BOOKMARK [1][-]{section.24.6}{\376\377\000I\000n\000t\000e\000g\000r\000a\000l\000s\000\040\000o\000f\000\040\000t\000h\000e\000\040\000F\000o\000r\000m\000\040\000s\000q\000r\000t\000\050\000a\000\040\000s\000q\000u\000a\000r\000e\000d\000\040\000-\000x\000\040\000s\000q\000u\000a\000r\000e\000d\000\051\000\040\000a\000n\000d\000\040\0001\000/\000\050\000a\000\040\000s\000q\000u\000a\000r\000e\000d\000+\000x\000\040\000s\000q\000u\000a\000r\000e\000d\000\051}{chapter.24}% 158
\BOOKMARK [1][-]{section.24.7}{\376\377\000A\000r\000c\000\040\000L\000e\000n\000g\000t\000h\000\040\000a\000n\000d\000\040\000S\000e\000c\000t\000o\000r\000\040\000A\000r\000e\000a}{chapter.24}% 159
\BOOKMARK [1][-]{section.24.8}{\376\377\000R\000e\000d\000u\000c\000t\000i\000o\000n\000\040\000F\000o\000r\000m\000u\000l\000a\000e}{chapter.24}% 160
\BOOKMARK [1][-]{section.24.9}{\376\377\000L\000i\000m\000i\000t\000s}{chapter.24}% 161
\BOOKMARK [0][-]{chapter.25}{\376\377\000F\000u\000r\000t\000h\000e\000r\000\040\000V\000e\000c\000t\000o\000r\000s}{}% 162
\BOOKMARK [1][-]{section.25.1}{\376\377\000E\000q\000u\000a\000t\000i\000o\000n\000s\000\040\000o\000f\000\040\000L\000i\000n\000e\000s}{chapter.25}% 163
\BOOKMARK [1][-]{section.25.2}{\376\377\000E\000q\000u\000a\000t\000i\000o\000n\000s\000\040\000o\000f\000\040\000P\000l\000a\000n\000e\000s}{chapter.25}% 164
\BOOKMARK [1][-]{section.25.3}{\376\377\000T\000h\000e\000\040\000S\000c\000a\000l\000a\000r\000\040\000P\000r\000o\000d\000u\000c\000t}{chapter.25}% 165
\BOOKMARK [1][-]{section.25.4}{\376\377\000P\000e\000r\000p\000e\000n\000d\000i\000c\000u\000l\000a\000r\000\040\000V\000e\000c\000t\000o\000r\000s}{chapter.25}% 166
\BOOKMARK [1][-]{section.25.5}{\376\377\000I\000n\000t\000e\000r\000s\000e\000c\000t\000i\000o\000n\000s}{chapter.25}% 167
\BOOKMARK [1][-]{section.25.6}{\376\377\000T\000h\000e\000\040\000V\000e\000c\000t\000o\000r\000\040\000P\000r\000o\000d\000u\000c\000t}{chapter.25}% 168
\BOOKMARK [0][-]{chapter.26}{\376\377\000P\000o\000l\000a\000r\000\040\000C\000o\000o\000r\000d\000i\000n\000a\000t\000e\000s}{}% 169
\BOOKMARK [1][-]{section.26.1}{\376\377\000P\000o\000l\000a\000r\000\040\000C\000o\000o\000r\000d\000i\000n\000a\000t\000e\000s}{chapter.26}% 170
\BOOKMARK [1][-]{section.26.2}{\376\377\000P\000o\000l\000a\000r\000\040\000C\000u\000r\000v\000e\000s}{chapter.26}% 171
\BOOKMARK [1][-]{section.26.3}{\376\377\000P\000o\000l\000a\000r\000\040\000I\000n\000t\000e\000g\000r\000a\000t\000i\000o\000n}{chapter.26}% 172
\BOOKMARK [0][-]{chapter.27}{\376\377\000H\000y\000p\000e\000r\000b\000o\000l\000i\000c\000\040\000F\000u\000n\000c\000t\000i\000o\000n\000s}{}% 173
\BOOKMARK [1][-]{section.27.1}{\376\377\000H\000y\000p\000e\000r\000b\000o\000l\000i\000c\000\040\000F\000u\000n\000c\000t\000i\000o\000n\000s}{chapter.27}% 174
\BOOKMARK [1][-]{section.27.2}{\376\377\000H\000y\000p\000e\000r\000b\000o\000l\000i\000c\000\040\000C\000a\000l\000c\000u\000l\000u\000s}{chapter.27}% 175
\BOOKMARK [1][-]{section.27.3}{\376\377\000H\000y\000p\000e\000r\000b\000o\000l\000i\000c\000\040\000I\000n\000v\000e\000r\000s\000e}{chapter.27}% 176
\BOOKMARK [1][-]{section.27.4}{\376\377\000H\000y\000p\000e\000r\000b\000o\000l\000i\000c\000\040\000I\000n\000v\000e\000r\000s\000e}{chapter.27}% 177
\BOOKMARK [1][-]{section.27.5}{\376\377\000H\000y\000p\000e\000r\000b\000o\000l\000i\000c\000\040\000I\000n\000t\000e\000g\000r\000a\000t\000i\000o\000n}{chapter.27}% 178
\BOOKMARK [1][-]{section.27.6}{\376\377\000H\000y\000p\000e\000r\000b\000o\000l\000i\000c\000\040\000I\000d\000e\000n\000t\000i\000t\000i\000e\000s}{chapter.27}% 179
\BOOKMARK [1][-]{section.27.7}{\376\377\000H\000y\000p\000e\000r\000b\000o\000l\000i\000c\000\040\000I\000d\000e\000n\000t\000i\000t\000i\000e\000s}{chapter.27}% 180
\BOOKMARK [0][-]{chapter.28}{\376\377\000D\000i\000f\000f\000e\000r\000e\000n\000t\000i\000a\000l\000\040\000E\000q\000u\000a\000t\000i\000o\000n\000s}{}% 181
\BOOKMARK [1][-]{section.28.1}{\376\377\0001\000s\000t\000\040\000O\000r\000d\000e\000r\000\040\000D\000i\000f\000f\000e\000r\000e\000n\000t\000i\000a\000l\000\040\000E\000q\000u\000a\000t\000i\000o\000n\000s\000\040\000-\000\040\000I\000n\000t\000e\000g\000r\000a\000t\000i\000n\000g\000\040\000F\000a\000c\000t\000o\000r\000s}{chapter.28}% 182
\BOOKMARK [1][-]{section.28.2}{\376\377\0001\000s\000t\000\040\000O\000r\000d\000e\000r\000\040\000D\000i\000f\000f\000e\000r\000e\000n\000t\000i\000a\000l\000\040\000E\000q\000u\000a\000t\000i\000o\000n\000s\000\040\000-\000\040\000P\000a\000r\000t\000i\000c\000u\000l\000a\000r\000\040\000S\000o\000l\000u\000t\000i\000o\000n\000s}{chapter.28}% 183
\BOOKMARK [1][-]{section.28.3}{\376\377\000M\000o\000d\000e\000l\000l\000i\000n\000g}{chapter.28}% 184
\BOOKMARK [1][-]{section.28.4}{\376\377\0002\000n\000d\000\040\000O\000r\000d\000e\000r\000\040\000H\000o\000m\000o\000g\000e\000n\000e\000o\000u\000s\000\040\000D\000i\000f\000f\000e\000r\000e\000n\000t\000i\000a\000l\000\040\000E\000q\000u\000a\000t\000i\000o\000n\000s}{chapter.28}% 185
\BOOKMARK [1][-]{section.28.5}{\376\377\0002\000n\000d\000\040\000O\000r\000d\000e\000r\000\040\000N\000o\000n\000-\000H\000o\000m\000o\000g\000e\000n\000e\000o\000u\000s\000\040\000D\000i\000f\000f\000e\000r\000e\000n\000t\000i\000a\000l\000\040\000E\000q\000u\000a\000t\000i\000o\000n\000s}{chapter.28}% 186
\BOOKMARK [1][-]{section.28.6}{\376\377\0002\000n\000d\000\040\000O\000r\000d\000e\000r\000\040\000N\000o\000n\000-\000H\000o\000m\000o\000g\000e\000n\000e\000o\000u\000s\000\040\000D\000i\000f\000f\000e\000r\000e\000n\000t\000i\000a\000l\000\040\000E\000q\000u\000a\000t\000i\000o\000n\000s}{chapter.28}% 187
\BOOKMARK [1][-]{section.28.7}{\376\377\000S\000i\000m\000p\000l\000e\000\040\000H\000a\000r\000m\000o\000n\000i\000c\000\040\000M\000o\000t\000i\000o\000n}{chapter.28}% 188
\BOOKMARK [1][-]{section.28.8}{\376\377\000D\000a\000m\000p\000e\000d\000\040\000O\000s\000c\000i\000l\000l\000a\000t\000i\000o\000n\000s}{chapter.28}% 189
\BOOKMARK [1][-]{section.28.9}{\376\377\000S\000y\000s\000t\000e\000m\000s\000\040\000o\000f\000\040\000D\000i\000f\000f\000e\000r\000e\000n\000t\000i\000a\000l\000\040\000E\000q\000u\000a\000t\000i\000o\000n\000s}{chapter.28}% 190
\BOOKMARK [1][-]{section.28.10}{\376\377\000H\000o\000o\000k\000e\000'\000s\000\040\000L\000a\000w}{chapter.28}% 191
\BOOKMARK [1][-]{section.28.11}{\376\377\000D\000a\000m\000p\000i\000n\000g\000\040\000F\000o\000r\000c\000e}{chapter.28}% 192
\BOOKMARK [0][-]{chapter.29}{\376\377\000N\000u\000m\000e\000r\000i\000c\000a\000l\000\040\000M\000e\000t\000h\000o\000d\000s}{}% 193
\BOOKMARK [1][-]{section.29.1}{\376\377\000M\000i\000d\000-\000O\000r\000d\000i\000n\000a\000t\000e\000\040\000R\000u\000l\000e\000\040\000\046\000\040\000S\000i\000m\000p\000s\000o\000n\000'\000s\000\040\000R\000u\000l\000e}{chapter.29}% 194
\BOOKMARK [1][-]{section.29.2}{\376\377\000E\000u\000l\000e\000r\000'\000s\000\040\000S\000t\000e\000p\000\040\000b\000y\000\040\000S\000t\000e\000p\000\040\000M\000e\000t\000h\000o\000d}{chapter.29}% 195
\BOOKMARK [1][-]{section.29.3}{\376\377\000E\000u\000l\000e\000r\000'\000s\000\040\000I\000m\000p\000r\000o\000v\000e\000d\000\040\000S\000t\000e\000p\000\040\000b\000y\000\040\000S\000t\000e\000p\000\040\000M\000e\000t\000h\000o\000d}{chapter.29}% 196
\BOOKMARK [0][-]{chapter.30}{\376\377\000T\000r\000a\000c\000i\000n\000g\000\040\000a\000n\000\040\000A\000l\000g\000o\000r\000i\000t\000h\000m}{}% 197
\BOOKMARK [1][-]{section.30.1}{\376\377\000T\000r\000a\000c\000i\000n\000g\000\040\000a\000n\000\040\000A\000l\000g\000o\000r\000i\000t\000h\000m}{chapter.30}% 198
\BOOKMARK [1][-]{section.30.2}{\376\377\000C\000o\000m\000p\000l\000e\000x\000i\000t\000y}{chapter.30}% 199
\BOOKMARK [0][-]{chapter.31}{\376\377\000B\000i\000n\000\040\000P\000a\000c\000k\000i\000n\000g}{}% 200
\BOOKMARK [1][-]{section.31.1}{\376\377\000B\000i\000n\000\040\000P\000a\000c\000k\000i\000n\000g}{chapter.31}% 201
\BOOKMARK [1][-]{section.31.2}{\376\377\000C\000o\000m\000p\000l\000e\000x\000i\000t\000y}{chapter.31}% 202
\BOOKMARK [0][-]{chapter.32}{\376\377\000S\000o\000r\000t\000i\000n\000g\000\040\000A\000l\000g\000o\000r\000i\000t\000h\000m\000s}{}% 203
\BOOKMARK [1][-]{section.32.1}{\376\377\000I\000n\000t\000r\000o\000d\000u\000c\000t\000i\000o\000n}{chapter.32}% 204
\BOOKMARK [1][-]{section.32.2}{\376\377\000Q\000u\000i\000c\000k\000\040\000S\000o\000r\000t}{chapter.32}% 205
\BOOKMARK [1][-]{section.32.3}{\376\377\000B\000u\000b\000b\000l\000e\000\040\000S\000o\000r\000t}{chapter.32}% 206
\BOOKMARK [0][-]{chapter.33}{\376\377\000G\000r\000a\000p\000h\000\040\000T\000h\000e\000o\000r\000y}{}% 207
\BOOKMARK [1][-]{section.33.1}{\376\377\000G\000r\000a\000p\000h\000\040\000T\000h\000e\000o\000r\000y}{chapter.33}% 208
\BOOKMARK [0][-]{chapter.34}{\376\377\000M\000i\000n\000i\000m\000u\000m\000\040\000S\000p\000a\000n\000n\000i\000n\000g\000\040\000T\000r\000e\000e\000s}{}% 209
\BOOKMARK [1][-]{section.34.1}{\376\377\000I\000n\000t\000r\000o\000d\000u\000c\000t\000i\000o\000n}{chapter.34}% 210
\BOOKMARK [1][-]{section.34.2}{\376\377\000K\000r\000u\000s\000k\000a\000l\000'\000s\000\040\000A\000l\000g\000o\000r\000i\000t\000h\000m}{chapter.34}% 211
\BOOKMARK [1][-]{section.34.3}{\376\377\000P\000r\000i\000m\000'\000s\000\040\000A\000l\000g\000o\000r\000i\000t\000h\000m}{chapter.34}% 212
\BOOKMARK [1][-]{section.34.4}{\376\377\000P\000r\000i\000m\000'\000s\000\040\000A\000l\000g\000o\000r\000i\000t\000h\000m\000\040\000w\000i\000t\000h\000\040\000a\000\040\000M\000a\000t\000r\000i\000x}{chapter.34}% 213
\BOOKMARK [0][-]{chapter.35}{\376\377\000D\000i\000j\000k\000s\000t\000r\000a\000'\000s\000\040\000A\000l\000g\000o\000r\000i\000t\000h\000m}{}% 214
\BOOKMARK [1][-]{section.35.1}{\376\377\000D\000i\000j\000k\000s\000t\000r\000a\000'\000s\000\040\000A\000l\000g\000o\000r\000i\000t\000h\000m}{chapter.35}% 215
\BOOKMARK [0][-]{chapter.36}{\376\377\000C\000r\000i\000t\000i\000c\000a\000l\000\040\000P\000a\000t\000h\000\040\000A\000n\000a\000l\000y\000s\000i\000s}{}% 216
\BOOKMARK [1][-]{section.36.1}{\376\377\000C\000r\000i\000t\000i\000c\000a\000l\000\040\000P\000a\000t\000h\000\040\000A\000n\000a\000l\000y\000s\000i\000s\000\040\000\050\000C\000P\000A\000\051}{chapter.36}% 217
\BOOKMARK [1][-]{section.36.2}{\376\377\000P\000r\000e\000c\000e\000d\000e\000n\000c\000e\000\040\000T\000a\000b\000l\000e\000s}{chapter.36}% 218
\BOOKMARK [1][-]{section.36.3}{\376\377\000A\000c\000t\000i\000v\000i\000t\000y\000\040\000N\000e\000t\000w\000o\000r\000k\000s}{chapter.36}% 219
\BOOKMARK [1][-]{section.36.4}{\376\377\000D\000u\000m\000m\000y\000\040\000A\000c\000t\000i\000v\000i\000t\000i\000e\000s}{chapter.36}% 220
\BOOKMARK [0][-]{chapter.37}{\376\377\000N\000e\000t\000w\000o\000r\000k\000\040\000F\000l\000o\000w\000s}{}% 221
\BOOKMARK [1][-]{section.37.1}{\376\377\000N\000e\000t\000w\000o\000r\000k\000\040\000F\000l\000o\000w\000s}{chapter.37}% 222
\BOOKMARK [1][-]{section.37.2}{\376\377\000C\000u\000t\000s}{chapter.37}% 223
\BOOKMARK [1][-]{section.37.3}{\376\377\000S\000u\000p\000e\000r\000s\000i\000n\000k\000s\000\040\000\046\000\040\000S\000u\000p\000e\000r\000s\000o\000u\000r\000c\000e\000s}{chapter.37}% 224
\BOOKMARK [0][-]{chapter.38}{\376\377\000L\000i\000n\000e\000a\000r\000\040\000P\000r\000o\000g\000r\000a\000m\000m\000i\000n\000g}{}% 225
\BOOKMARK [1][-]{section.38.1}{\376\377\000D\000r\000a\000w\000i\000n\000g\000\040\000I\000n\000e\000q\000u\000a\000l\000i\000t\000i\000e\000s\000\040\000\046\000\040\000T\000h\000e\000\040\000O\000b\000j\000e\000c\000t\000i\000v\000e\000\040\000F\000u\000n\000c\000t\000i\000o\000n}{chapter.38}% 226
\BOOKMARK [1][-]{section.38.2}{\376\377\000F\000o\000r\000m\000u\000l\000a\000t\000i\000n\000g\000\040\000a\000n\000\040\000L\000P\000\040\000P\000r\000o\000b\000l\000e\000m}{chapter.38}% 227
\BOOKMARK [1][-]{section.38.3}{\376\377\0003\000-\000V\000a\000r\000i\000a\000b\000l\000e\000\040\000t\000o\000\040\0002\000-\000V\000a\000r\000i\000a\000b\000l\000e}{chapter.38}% 228
\BOOKMARK [0][-]{chapter.39}{\376\377\000S\000i\000m\000p\000l\000e\000x\000\040\000A\000l\000g\000o\000r\000i\000t\000h\000m}{}% 229
\BOOKMARK [1][-]{section.39.1}{\376\377\000S\000i\000m\000p\000l\000e\000x\000\040\000A\000l\000g\000o\000r\000i\000t\000h\000m}{chapter.39}% 230
\BOOKMARK [0][-]{chapter.40}{\376\377\000L\000P\000\040\000S\000o\000l\000v\000e\000r\000s}{}% 231
\BOOKMARK [1][-]{section.40.1}{\376\377\000I\000n\000d\000i\000c\000a\000t\000o\000r\000\040\000V\000a\000r\000i\000a\000b\000l\000e\000s}{chapter.40}% 232
\BOOKMARK [1][-]{section.40.2}{\376\377\000S\000h\000o\000r\000t\000e\000s\000t\000\040\000P\000a\000t\000h\000\040\000\050\000D\000i\000j\000k\000s\000t\000r\000a\000'\000s\000\051}{chapter.40}% 233
\BOOKMARK [1][-]{section.40.3}{\376\377\000L\000o\000n\000g\000e\000s\000t\000\040\000P\000a\000t\000h\000\040\000\050\000C\000P\000A\000\051}{chapter.40}% 234
\BOOKMARK [1][-]{section.40.4}{\376\377\000N\000e\000t\000w\000o\000r\000k\000\040\000F\000l\000o\000w\000s}{chapter.40}% 235
\BOOKMARK [1][-]{section.40.5}{\376\377\000C\000r\000i\000t\000i\000c\000a\000l\000\040\000P\000a\000t\000h\000\040\000A\000n\000a\000l\000y\000s\000i\000s\000\040\000\050\000A\000l\000t\000e\000r\000n\000a\000t\000i\000v\000e\000\051}{chapter.40}% 236
\BOOKMARK [1][-]{section.40.6}{\376\377\000M\000a\000t\000c\000h\000i\000n\000g}{chapter.40}% 237
\BOOKMARK [1][-]{section.40.7}{\376\377\000A\000l\000l\000o\000c\000a\000t\000i\000o\000n}{chapter.40}% 238
\BOOKMARK [1][-]{section.40.8}{\376\377\000T\000r\000a\000n\000s\000p\000o\000r\000t\000a\000t\000i\000o\000n}{chapter.40}% 239
\BOOKMARK [1][-]{section.40.9}{\376\377\000L\000I\000N\000D\000O}{chapter.40}% 240
\BOOKMARK [0][-]{chapter.41}{\376\377\000P\000M\000C\000C}{}% 241
\BOOKMARK [1][-]{section.41.1}{\376\377\000B\000i\000v\000a\000r\000i\000a\000t\000e\000\040\000D\000a\000t\000a}{chapter.41}% 242
\BOOKMARK [1][-]{section.41.2}{\376\377\000C\000o\000r\000r\000e\000l\000a\000t\000i\000o\000n\000\040\000\046\000\040\000A\000s\000s\000o\000c\000i\000a\000t\000i\000o\000n}{chapter.41}% 243
\BOOKMARK [1][-]{section.41.3}{\376\377\000T\000h\000e\000\040\000P\000M\000C\000C}{chapter.41}% 244
\BOOKMARK [0][-]{chapter.42}{\376\377\000L\000i\000n\000e\000a\000r\000\040\000R\000e\000g\000r\000e\000s\000s\000i\000o\000n}{}% 245
\BOOKMARK [1][-]{section.42.1}{\376\377\000I\000n\000t\000r\000o\000d\000u\000c\000t\000i\000o\000n}{chapter.42}% 246
\BOOKMARK [1][-]{section.42.2}{\376\377\000C\000a\000l\000c\000u\000l\000a\000t\000i\000n\000g\000\040\000R\000e\000g\000r\000e\000s\000s\000i\000o\000n\000\040\000L\000i\000n\000e\000s}{chapter.42}% 247
\BOOKMARK [1][-]{section.42.3}{\376\377\000I\000n\000t\000e\000r\000p\000r\000e\000t\000i\000n\000g}{chapter.42}% 248
\BOOKMARK [0][-]{chapter.43}{\376\377\000P\000M\000C\000C\000\040\000H\000y\000p\000o\000t\000h\000e\000s\000i\000s\000\040\000T\000e\000s\000t\000i\000n\000g}{}% 249
\BOOKMARK [1][-]{section.43.1}{\376\377\000P\000M\000C\000C\000\040\000H\000y\000p\000o\000t\000h\000e\000s\000i\000s\000\040\000T\000e\000s\000t\000i\000n\000g}{chapter.43}% 250
\BOOKMARK [1][-]{section.43.2}{\376\377\000E\000f\000f\000e\000c\000t\000\040\000S\000i\000z\000e\000s}{chapter.43}% 251
\BOOKMARK [0][-]{chapter.44}{\376\377\000S\000p\000e\000a\000r\000m\000a\000n\000'\000s\000\040\000R\000a\000n\000k}{}% 252
\BOOKMARK [1][-]{section.44.1}{\376\377\000S\000p\000e\000a\000r\000m\000a\000n\000'\000s\000\040\000R\000a\000n\000k\000\040\000C\000o\000r\000r\000e\000l\000a\000t\000i\000o\000n\000\040\000C\000o\000e\000f\000f\000i\000c\000i\000e\000n\000t}{chapter.44}% 253
\BOOKMARK [1][-]{section.44.2}{\376\377\000H\000y\000p\000o\000t\000h\000e\000s\000i\000s\000\040\000T\000e\000s\000t\000i\000n\000g}{chapter.44}% 254
\BOOKMARK [0][-]{chapter.45}{\376\377\000C\000h\000i\000-\000S\000q\000u\000a\000r\000e\000d\000\040\000C\000o\000n\000t\000i\000n\000g\000e\000n\000c\000y\000\040\000T\000a\000b\000l\000e\000\040\000T\000e\000s\000t\000s}{}% 255
\BOOKMARK [1][-]{section.45.1}{\376\377\000T\000h\000e\000\040\000C\000h\000i\000-\000S\000q\000u\000a\000r\000e\000d\000\040\000S\000t\000a\000t\000i\000s\000t\000i\000c}{chapter.45}% 256
\BOOKMARK [1][-]{section.45.2}{\376\377\000H\000y\000p\000o\000t\000h\000e\000s\000i\000s\000\040\000T\000e\000s\000t\000i\000n\000g}{chapter.45}% 257
\BOOKMARK [0][-]{chapter.46}{\376\377\000D\000i\000s\000c\000r\000e\000t\000e\000\040\000R\000a\000n\000d\000o\000m\000\040\000V\000a\000r\000i\000a\000b\000l\000e\000s}{}% 258
\BOOKMARK [1][-]{section.46.1}{\376\377\000D\000i\000s\000c\000r\000e\000t\000e\000\040\000R\000a\000n\000d\000o\000m\000\040\000V\000a\000r\000i\000a\000b\000l\000e\000s}{chapter.46}% 259
\BOOKMARK [1][-]{section.46.2}{\376\377\000T\000h\000e\000\040\000E\000x\000p\000e\000c\000t\000e\000d\000\040\000V\000a\000l\000u\000e\000\040\000E\000\050\000X\000\051}{chapter.46}% 260
\BOOKMARK [1][-]{section.46.3}{\376\377\000T\000h\000e\000\040\000V\000a\000r\000i\000a\000n\000c\000e\000\040\000V\000a\000r\000\050\000X\000\051}{chapter.46}% 261
\BOOKMARK [1][-]{section.46.4}{\376\377\000E\000\050\000a\000X\000+\000b\000\051\000=\000a\000E\000\050\000X\000\051\000+\000b}{chapter.46}% 262
\BOOKMARK [1][-]{section.46.5}{\376\377\000V\000a\000r\000\050\000a\000X\000+\000b\000\051\000=\000\040\000a\000\040\000s\000q\000u\000a\000r\000e\000d\000\040\000V\000a\000r\000\050\000X\000\051}{chapter.46}% 263
\BOOKMARK [1][-]{section.46.6}{\376\377\000E\000\050\000X\000+\000Y\000\051\000\040\000=\000\040\000E\000\050\000X\000\051\000\040\000+\000\040\000E\000\050\000Y\000\051\000\040\000a\000n\000d\000\040\000V\000a\000r\000\050\000X\000+\000Y\000\051\000\040\000=\000\040\000V\000a\000r\000\050\000X\000\051\000\040\000+\000\040\000V\000a\000r\000\050\000Y\000\051}{chapter.46}% 264
\BOOKMARK [0][-]{chapter.47}{\376\377\000D\000i\000s\000c\000r\000e\000t\000e\000\040\000U\000n\000i\000f\000o\000r\000m\000\040\000D\000i\000s\000t\000r\000i\000b\000u\000t\000i\000o\000n\000s}{}% 265
\BOOKMARK [1][-]{section.47.1}{\376\377\000D\000i\000s\000c\000r\000e\000t\000e\000\040\000U\000n\000i\000f\000o\000r\000m\000\040\000D\000i\000s\000t\000r\000i\000b\000u\000t\000i\000o\000n\000s}{chapter.47}% 266
\BOOKMARK [0][-]{chapter.48}{\376\377\000G\000e\000o\000m\000e\000t\000r\000i\000c\000\040\000D\000i\000s\000t\000r\000i\000b\000u\000t\000i\000o\000n\000s}{}% 267
\BOOKMARK [1][-]{section.48.1}{\376\377\000T\000h\000e\000\040\000G\000e\000o\000m\000e\000t\000r\000i\000c\000\040\000D\000i\000s\000t\000r\000i\000b\000u\000t\000i\000o\000n}{chapter.48}% 268
\BOOKMARK [0][-]{chapter.49}{\376\377\000B\000i\000n\000o\000m\000i\000a\000l\000\040\000D\000i\000s\000t\000r\000i\000b\000u\000t\000i\000o\000n\000s}{}% 269
\BOOKMARK [1][-]{section.49.1}{\376\377\000T\000h\000e\000\040\000B\000i\000n\000o\000m\000i\000a\000l\000\040\000D\000i\000s\000t\000r\000i\000b\000u\000t\000i\000o\000n}{chapter.49}% 270
\BOOKMARK [0][-]{chapter.50}{\376\377\000P\000o\000i\000s\000s\000o\000n\000\040\000D\000i\000s\000t\000r\000i\000b\000u\000t\000i\000o\000n}{}% 271
\BOOKMARK [1][-]{section.50.1}{\376\377\000T\000h\000e\000\040\000P\000o\000i\000s\000s\000o\000n\000\040\000D\000i\000s\000t\000r\000i\000b\000u\000t\000i\000o\000n}{chapter.50}% 272
\BOOKMARK [0][-]{chapter.51}{\376\377\000G\000o\000o\000d\000n\000e\000s\000s\000\040\000o\000f\000\040\000F\000i\000t\000\040\000T\000e\000s\000t\000s}{}% 273
\BOOKMARK [1][-]{section.51.1}{\376\377\000G\000o\000o\000d\000n\000e\000s\000s\000\040\000o\000f\000\040\000F\000i\000t\000\040\000T\000e\000s\000t\000s}{chapter.51}% 274
\BOOKMARK [1][-]{section.51.2}{\376\377\000T\000h\000e\000\040\000U\000n\000i\000f\000o\000r\000m\000\040\000D\000i\000s\000t\000r\000i\000b\000u\000t\000i\000o\000n}{chapter.51}% 275
\BOOKMARK [1][-]{section.51.3}{\376\377\000T\000h\000e\000\040\000P\000o\000i\000s\000s\000o\000n\000\040\000D\000i\000s\000t\000r\000i\000b\000u\000t\000i\000o\000n}{chapter.51}% 276
\BOOKMARK [1][-]{section.51.4}{\376\377\000T\000h\000e\000\040\000B\000i\000n\000o\000m\000i\000a\000l\000\040\000D\000i\000s\000t\000r\000i\000b\000u\000t\000i\000o\000n}{chapter.51}% 277
\BOOKMARK [1][-]{section.51.5}{\376\377\000T\000h\000e\000\040\000L\000e\000f\000t\000\040\000H\000a\000n\000d\000\040\000T\000a\000i\000l}{chapter.51}% 278
\BOOKMARK [0][-]{chapter.52}{\376\377\000E\000n\000e\000r\000g\000y}{}% 279
\BOOKMARK [1][-]{section.52.1}{\376\377\000I\000n\000t\000r\000o\000d\000u\000c\000t\000i\000o\000n\000\040\000t\000o\000\040\000E\000n\000e\000r\000g\000y}{chapter.52}% 280
\BOOKMARK [1][-]{section.52.2}{\376\377\000C\000o\000n\000s\000e\000r\000v\000a\000t\000i\000o\000n\000\040\000o\000f\000\040\000M\000e\000c\000h\000a\000n\000i\000c\000a\000l\000\040\000E\000n\000e\000r\000g\000y}{chapter.52}% 281
\BOOKMARK [1][-]{section.52.3}{\376\377\000T\000h\000e\000\040\000W\000o\000r\000k\000-\000E\000n\000e\000r\000g\000y\000\040\000P\000r\000i\000n\000c\000i\000p\000l\000e}{chapter.52}% 282
\BOOKMARK [0][-]{chapter.53}{\376\377\000P\000o\000w\000e\000r}{}% 283
\BOOKMARK [1][-]{section.53.1}{\376\377\000I\000n\000t\000r\000o\000d\000u\000c\000t\000i\000o\000n\000\040\000t\000o\000\040\000P\000o\000w\000e\000r}{chapter.53}% 284
\BOOKMARK [1][-]{section.53.2}{\376\377\000H\000o\000r\000s\000e\000p\000o\000w\000e\000r}{chapter.53}% 285
\BOOKMARK [1][-]{section.53.3}{\376\377\000M\000a\000x\000i\000m\000u\000m\000\040\000S\000p\000e\000e\000d}{chapter.53}% 286
\BOOKMARK [1][-]{section.53.4}{\376\377\000W\000o\000r\000k\000,\000\040\000E\000n\000e\000r\000g\000y\000,\000\040\000\046\000\040\000P\000o\000w\000e\000r}{chapter.53}% 287
\BOOKMARK [0][-]{chapter.54}{\376\377\000F\000r\000i\000c\000t\000i\000o\000n}{}% 288
\BOOKMARK [1][-]{section.54.1}{\376\377\000I\000n\000t\000r\000o\000d\000u\000c\000t\000i\000o\000n\000\040\000t\000o\000\040\000F\000r\000i\000c\000t\000i\000o\000n}{chapter.54}% 289
\BOOKMARK [1][-]{section.54.2}{\376\377\000B\000l\000o\000c\000k\000\040\000S\000l\000i\000d\000i\000n\000g\000\040\000D\000o\000w\000n\000\040\000a\000\040\000S\000l\000o\000p\000e}{chapter.54}% 290
\BOOKMARK [1][-]{section.54.3}{\376\377\000F\000r\000i\000c\000t\000i\000o\000n\000\040\000E\000x\000a\000m\000p\000l\000e\000s}{chapter.54}% 291
\BOOKMARK [1][-]{section.54.4}{\376\377\000E\000x\000a\000m\000-\000S\000t\000y\000l\000e\000\040\000Q\000u\000e\000s\000t\000i\000o\000n}{chapter.54}% 292
\BOOKMARK [0][-]{chapter.55}{\376\377\000M\000o\000m\000e\000n\000t\000u\000m\000\040\000\046\000\040\000I\000m\000p\000u\000l\000s\000e}{}% 293
\BOOKMARK [1][-]{section.55.1}{\376\377\000M\000o\000m\000e\000n\000t\000u\000m}{chapter.55}% 294
\BOOKMARK [1][-]{section.55.2}{\376\377\000I\000m\000p\000u\000l\000s\000e}{chapter.55}% 295
\BOOKMARK [0][-]{chapter.56}{\376\377\000C\000o\000l\000l\000i\000s\000i\000o\000n\000s}{}% 296
\BOOKMARK [1][-]{section.56.1}{\376\377\000C\000o\000n\000s\000e\000r\000v\000a\000t\000i\000o\000n\000\040\000o\000f\000\040\000L\000i\000n\000e\000a\000r\000\040\000M\000o\000m\000e\000n\000t\000u\000m}{chapter.56}% 297
\BOOKMARK [1][-]{section.56.2}{\376\377\000T\000h\000e\000\040\000C\000o\000e\000f\000f\000i\000c\000i\000e\000n\000t\000\040\000o\000f\000\040\000R\000e\000s\000t\000i\000t\000u\000t\000i\000o\000n}{chapter.56}% 298
\BOOKMARK [1][-]{section.56.3}{\376\377\000H\000i\000t\000t\000i\000n\000g\000\040\000t\000h\000e\000\040\000G\000r\000o\000u\000n\000d\000/\000H\000i\000t\000t\000i\000n\000g\000\040\000t\000h\000e\000\040\000W\000a\000l\000l}{chapter.56}% 299
\BOOKMARK [0][-]{chapter.57}{\376\377\000M\000o\000m\000e\000n\000t\000s}{}% 300
\BOOKMARK [1][-]{section.57.1}{\376\377\000M\000o\000m\000e\000n\000t\000s\000\040\000-\000\040\000T\000h\000e\000\040\000B\000a\000s\000i\000c\000s}{chapter.57}% 301
\BOOKMARK [1][-]{section.57.2}{\376\377\000C\000o\000u\000p\000l\000e\000s}{chapter.57}% 302
\BOOKMARK [1][-]{section.57.3}{\376\377\000L\000a\000d\000d\000e\000r\000s}{chapter.57}% 303
\BOOKMARK [1][-]{section.57.4}{\376\377\000P\000i\000v\000o\000t\000s\000/\000H\000i\000n\000g\000e\000s}{chapter.57}% 304
\BOOKMARK [1][-]{section.57.5}{\376\377\000S\000l\000i\000d\000i\000n\000g\000\040\000\046\000\040\000T\000o\000p\000p\000l\000i\000n\000g}{chapter.57}% 305
\BOOKMARK [0][-]{chapter.58}{\376\377\000C\000e\000n\000t\000r\000e\000\040\000o\000f\000\040\000M\000a\000s\000s}{}% 306
\BOOKMARK [1][-]{section.58.1}{\376\377\000I\000n\000t\000r\000o\000d\000u\000c\000i\000n\000g\000\040\000C\000o\000M}{chapter.58}% 307
\BOOKMARK [1][-]{section.58.2}{\376\377\000L\000a\000m\000i\000n\000a\000s}{chapter.58}% 308
\BOOKMARK [1][-]{section.58.3}{\376\377\000S\000u\000s\000p\000e\000n\000d\000i\000n\000g\000\040\000a\000\040\000L\000a\000m\000i\000n\000a}{chapter.58}% 309
\BOOKMARK [1][-]{section.58.4}{\376\377\000T\000r\000i\000a\000n\000g\000l\000e\000s}{chapter.58}% 310
\BOOKMARK [1][-]{section.58.5}{\376\377\000O\000t\000h\000e\000r\000\040\000S\000h\000a\000p\000e\000s}{chapter.58}% 311
\BOOKMARK [0][-]{chapter.59}{\376\377\000D\000i\000m\000e\000n\000s\000i\000o\000n\000a\000l\000\040\000A\000n\000a\000l\000y\000s\000i\000s}{}% 312
\BOOKMARK [1][-]{section.59.1}{\376\377\000I\000n\000t\000r\000o\000d\000u\000c\000i\000n\000g\000\040\000D\000i\000m\000e\000n\000s\000i\000o\000n\000a\000l\000\040\000A\000n\000a\000l\000y\000s\000i\000s}{chapter.59}% 313
\BOOKMARK [1][-]{section.59.2}{\376\377\000D\000i\000m\000e\000n\000s\000i\000o\000n\000a\000l\000\040\000C\000o\000n\000s\000i\000s\000t\000e\000n\000c\000y}{chapter.59}% 314
\BOOKMARK [1][-]{section.59.3}{\376\377\000F\000i\000n\000d\000i\000n\000g\000\040\000F\000o\000r\000m\000u\000l\000a\000e}{chapter.59}% 315
\BOOKMARK [1][-]{section.59.4}{\376\377\000T\000r\000i\000a\000n\000g\000l\000e\000s}{chapter.59}% 316
\BOOKMARK [1][-]{section.59.5}{\376\377\000O\000t\000h\000e\000r\000\040\000S\000h\000a\000p\000e\000s}{chapter.59}% 317
